e:\coding\projects\test1\classes\network\debug\network.pch
e:\coding\projects\test1\classes\network\debug\vc120.pdb
e:\coding\projects\test1\classes\network\debug\vc120.idb
e:\coding\projects\test1\classes\network\debug\stdafx.obj
e:\coding\projects\test1\classes\network\debug\dllmain.obj
e:\coding\projects\test1\classes\network\debug\network.obj
e:\coding\projects\test1\classes\network\debug\networkclient.obj
e:\coding\projects\test1\classes\network\debug\networkhost.obj
e:\coding\projects\test1\proj.win32\debug.win32\network.ilk
e:\coding\projects\test1\proj.win32\debug.win32\network.dll
e:\coding\projects\test1\proj.win32\debug.win32\network.pdb
e:\coding\projects\test1server\debug\network.ilk
e:\coding\projects\test1server\debug\network.dll
e:\coding\projects\test1server\debug\network.pdb
e:\coding\projects\test1\proj.win32\debug.win32\network.lib
e:\coding\projects\test1\proj.win32\debug.win32\network.exp
e:\coding\projects\test1server\debug\network.lib
e:\coding\projects\test1server\debug\network.exp
e:\coding\projects\test1\classes\network\debug\network.lib
e:\coding\projects\test1\classes\network\debug\network.exp
e:\coding\projects\test1\proj.win32\debug\network.lib
e:\coding\projects\test1\proj.win32\debug\network.exp
e:\coding\projects\test1\classes\network\debug\network.ilk
e:\coding\projects\test1\classes\network\debug\network.pdb
e:\coding\projects\test1\classes\network\debug\network.tlog\cl.command.1.tlog
e:\coding\projects\test1\classes\network\debug\network.tlog\cl.read.1.tlog
e:\coding\projects\test1\classes\network\debug\network.tlog\cl.write.1.tlog
e:\coding\projects\test1\classes\network\debug\network.tlog\link.command.1.tlog
e:\coding\projects\test1\classes\network\debug\network.tlog\link.read.1.tlog
e:\coding\projects\test1\classes\network\debug\network.tlog\link.write.1.tlog
e:\coding\projects\test1\classes\network\debug\network.tlog\network.write.1u.tlog
